-------------------------------------------------------------------------------
Test set: emaitzakIpiniDABTest
-------------------------------------------------------------------------------
Tests run: 4, Failures: 1, Errors: 0, Skipped: 0, Time elapsed: 1.77 sec <<< FAILURE! - in emaitzakIpiniDABTest
test1(emaitzakIpiniDABTest)  Time elapsed: 1.559 sec  <<< FAILURE!
org.junit.ComparisonFailure: expected:<[galduta]> but was:<[jokoan]>
	at emaitzakIpiniDABTest.test1(emaitzakIpiniDABTest.java:84)

