-------------------------------------------------------------------------------
Test set: emaitzakIpiniMockTest
-------------------------------------------------------------------------------
Tests run: 2, Failures: 1, Errors: 1, Skipped: 0, Time elapsed: 0.881 sec <<< FAILURE! - in emaitzakIpiniMockTest
test1(emaitzakIpiniMockTest)  Time elapsed: 0.871 sec  <<< FAILURE!
org.mockito.exceptions.verification.WantedButNotInvoked: 

Wanted but not invoked:
dataAccess.EmaitzakIpini(
    <Capturing argument>
);
-> at emaitzakIpiniMockTest.test1(emaitzakIpiniMockTest.java:41)

However, there were exactly 3 interactions with this mock:
dataAccess.open(true);
-> at businessLogic.BLFacadeImplementation.<init>(BLFacadeImplementation.java:57)

dataAccess.initializeDB();
-> at businessLogic.BLFacadeImplementation.<init>(BLFacadeImplementation.java:58)

dataAccess.close();
-> at businessLogic.BLFacadeImplementation.<init>(BLFacadeImplementation.java:59)


	at emaitzakIpiniMockTest.test1(emaitzakIpiniMockTest.java:41)

test2(emaitzakIpiniMockTest)  Time elapsed: 0.008 sec  <<< ERROR!
org.mockito.exceptions.misusing.CannotStubVoidMethodWithReturnValue: 

'EmaitzakIpini' is a *void method* and it *cannot* be stubbed with a *return value*!
Voids are usually stubbed with Throwables:
    doThrow(exception).when(mock).someVoidMethod();
If you need to set the void method to do nothing you can use:
    doNothing().when(mock).someVoidMethod();
For more information, check out the javadocs for Mockito.doNothing().
***
If you're unsure why you're getting above error read on.
Due to the nature of the syntax above problem might occur because:
1. The method you are trying to stub is *overloaded*. Make sure you are calling the right overloaded version.
2. Somewhere in your test you are stubbing *final methods*. Sorry, Mockito does not verify/stub final methods.
3. A spy is stubbed using when(spy.foo()).then() syntax. It is safer to stub spies - 
   - with doReturn|Throw() family of methods. More in javadocs for Mockito.spy() method.
4. Mocking methods declared on non-public parent classes is not supported.

	at emaitzakIpiniMockTest.test2(emaitzakIpiniMockTest.java:56)

